CRITICAL - 2022-05-17 11:33:42 --> Invalid file: student/manage_student.php
#0 C:\xampp\htdocs\classroom\system\View\View.php(198): CodeIgniter\Exceptions\FrameworkException::forInvalidFile('student/manage_...')
#1 C:\xampp\htdocs\classroom\system\Common.php(1089): CodeIgniter\View\View->render('student/manage_...', Array, true)
#2 C:\xampp\htdocs\classroom\app\Controllers\StudentController.php(19): view('student/manage_...', Array)
#3 C:\xampp\htdocs\classroom\system\CodeIgniter.php(832): App\Controllers\StudentController->index()
#4 C:\xampp\htdocs\classroom\system\CodeIgniter.php(419): CodeIgniter\CodeIgniter->runController(Object(App\Controllers\StudentController))
#5 C:\xampp\htdocs\classroom\system\CodeIgniter.php(326): CodeIgniter\CodeIgniter->handleRequest(NULL, Object(Config\Cache), false)
#6 C:\xampp\htdocs\classroom\public\index.php(37): CodeIgniter\CodeIgniter->run()
#7 {main}
CRITICAL - 2022-05-17 11:38:57 --> Invalid file: manage_class.php
#0 C:\xampp\htdocs\classroom\system\View\View.php(198): CodeIgniter\Exceptions\FrameworkException::forInvalidFile('manage_class.ph...')
#1 C:\xampp\htdocs\classroom\system\Common.php(1089): CodeIgniter\View\View->render('manage_class', Array, true)
#2 C:\xampp\htdocs\classroom\app\Controllers\AdminController.php(141): view('manage_class', Array)
#3 C:\xampp\htdocs\classroom\system\CodeIgniter.php(832): App\Controllers\AdminController->class_index()
#4 C:\xampp\htdocs\classroom\system\CodeIgniter.php(419): CodeIgniter\CodeIgniter->runController(Object(App\Controllers\AdminController))
#5 C:\xampp\htdocs\classroom\system\CodeIgniter.php(326): CodeIgniter\CodeIgniter->handleRequest(NULL, Object(Config\Cache), false)
#6 C:\xampp\htdocs\classroom\public\index.php(37): CodeIgniter\CodeIgniter->run()
#7 {main}
CRITICAL - 2022-05-17 11:41:07 --> Invalid file: manage_class.php
#0 C:\xampp\htdocs\classroom\system\View\View.php(198): CodeIgniter\Exceptions\FrameworkException::forInvalidFile('manage_class.ph...')
#1 C:\xampp\htdocs\classroom\system\Common.php(1089): CodeIgniter\View\View->render('manage_class', Array, true)
#2 C:\xampp\htdocs\classroom\app\Controllers\ClassController.php(17): view('manage_class', Array)
#3 C:\xampp\htdocs\classroom\system\CodeIgniter.php(832): App\Controllers\ClassController->index()
#4 C:\xampp\htdocs\classroom\system\CodeIgniter.php(419): CodeIgniter\CodeIgniter->runController(Object(App\Controllers\ClassController))
#5 C:\xampp\htdocs\classroom\system\CodeIgniter.php(326): CodeIgniter\CodeIgniter->handleRequest(NULL, Object(Config\Cache), false)
#6 C:\xampp\htdocs\classroom\public\index.php(37): CodeIgniter\CodeIgniter->run()
#7 {main}
CRITICAL - 2022-05-17 11:41:08 --> Invalid file: manage_class.php
#0 C:\xampp\htdocs\classroom\system\View\View.php(198): CodeIgniter\Exceptions\FrameworkException::forInvalidFile('manage_class.ph...')
#1 C:\xampp\htdocs\classroom\system\Common.php(1089): CodeIgniter\View\View->render('manage_class', Array, true)
#2 C:\xampp\htdocs\classroom\app\Controllers\ClassController.php(17): view('manage_class', Array)
#3 C:\xampp\htdocs\classroom\system\CodeIgniter.php(832): App\Controllers\ClassController->index()
#4 C:\xampp\htdocs\classroom\system\CodeIgniter.php(419): CodeIgniter\CodeIgniter->runController(Object(App\Controllers\ClassController))
#5 C:\xampp\htdocs\classroom\system\CodeIgniter.php(326): CodeIgniter\CodeIgniter->handleRequest(NULL, Object(Config\Cache), false)
#6 C:\xampp\htdocs\classroom\public\index.php(37): CodeIgniter\CodeIgniter->run()
#7 {main}
CRITICAL - 2022-05-17 11:41:21 --> Invalid file: ../header.php
#0 C:\xampp\htdocs\classroom\system\View\View.php(198): CodeIgniter\Exceptions\FrameworkException::forInvalidFile('../header.php')
#1 C:\xampp\htdocs\classroom\system\Common.php(1089): CodeIgniter\View\View->render('../header', Array, true)
#2 C:\xampp\htdocs\classroom\app\Views\class\manage_class.php(2): view('../header')
#3 C:\xampp\htdocs\classroom\system\View\View.php(210): include('C:\\xampp\\htdocs...')
#4 C:\xampp\htdocs\classroom\system\View\View.php(213): CodeIgniter\View\View->CodeIgniter\View\{closure}()
#5 C:\xampp\htdocs\classroom\system\Common.php(1089): CodeIgniter\View\View->render('class/manage_cl...', Array, true)
#6 C:\xampp\htdocs\classroom\app\Controllers\ClassController.php(17): view('class/manage_cl...', Array)
#7 C:\xampp\htdocs\classroom\system\CodeIgniter.php(832): App\Controllers\ClassController->index()
#8 C:\xampp\htdocs\classroom\system\CodeIgniter.php(419): CodeIgniter\CodeIgniter->runController(Object(App\Controllers\ClassController))
#9 C:\xampp\htdocs\classroom\system\CodeIgniter.php(326): CodeIgniter\CodeIgniter->handleRequest(NULL, Object(Config\Cache), false)
#10 C:\xampp\htdocs\classroom\public\index.php(37): CodeIgniter\CodeIgniter->run()
#11 {main}
CRITICAL - 2022-05-17 11:41:22 --> Invalid file: ../header.php
#0 C:\xampp\htdocs\classroom\system\View\View.php(198): CodeIgniter\Exceptions\FrameworkException::forInvalidFile('../header.php')
#1 C:\xampp\htdocs\classroom\system\Common.php(1089): CodeIgniter\View\View->render('../header', Array, true)
#2 C:\xampp\htdocs\classroom\app\Views\class\manage_class.php(2): view('../header')
#3 C:\xampp\htdocs\classroom\system\View\View.php(210): include('C:\\xampp\\htdocs...')
#4 C:\xampp\htdocs\classroom\system\View\View.php(213): CodeIgniter\View\View->CodeIgniter\View\{closure}()
#5 C:\xampp\htdocs\classroom\system\Common.php(1089): CodeIgniter\View\View->render('class/manage_cl...', Array, true)
#6 C:\xampp\htdocs\classroom\app\Controllers\ClassController.php(17): view('class/manage_cl...', Array)
#7 C:\xampp\htdocs\classroom\system\CodeIgniter.php(832): App\Controllers\ClassController->index()
#8 C:\xampp\htdocs\classroom\system\CodeIgniter.php(419): CodeIgniter\CodeIgniter->runController(Object(App\Controllers\ClassController))
#9 C:\xampp\htdocs\classroom\system\CodeIgniter.php(326): CodeIgniter\CodeIgniter->handleRequest(NULL, Object(Config\Cache), false)
#10 C:\xampp\htdocs\classroom\public\index.php(37): CodeIgniter\CodeIgniter->run()
#11 {main}
CRITICAL - 2022-05-17 11:49:13 --> Invalid file: edit_class.php
#0 C:\xampp\htdocs\classroom\system\View\View.php(198): CodeIgniter\Exceptions\FrameworkException::forInvalidFile('edit_class.php')
#1 C:\xampp\htdocs\classroom\system\Common.php(1089): CodeIgniter\View\View->render('edit_class', Array, true)
#2 C:\xampp\htdocs\classroom\app\Controllers\AdminController.php(261): view('edit_class', Array)
#3 C:\xampp\htdocs\classroom\system\CodeIgniter.php(832): App\Controllers\AdminController->singleClass('16')
#4 C:\xampp\htdocs\classroom\system\CodeIgniter.php(419): CodeIgniter\CodeIgniter->runController(Object(App\Controllers\AdminController))
#5 C:\xampp\htdocs\classroom\system\CodeIgniter.php(326): CodeIgniter\CodeIgniter->handleRequest(NULL, Object(Config\Cache), false)
#6 C:\xampp\htdocs\classroom\public\index.php(37): CodeIgniter\CodeIgniter->run()
#7 {main}
CRITICAL - 2022-05-17 12:11:23 --> Call to a member function withInput() on string
#0 C:\xampp\htdocs\classroom\system\CodeIgniter.php(832): App\Controllers\ClassController->singleClass('14')
#1 C:\xampp\htdocs\classroom\system\CodeIgniter.php(419): CodeIgniter\CodeIgniter->runController(Object(App\Controllers\ClassController))
#2 C:\xampp\htdocs\classroom\system\CodeIgniter.php(326): CodeIgniter\CodeIgniter->handleRequest(NULL, Object(Config\Cache), false)
#3 C:\xampp\htdocs\classroom\public\index.php(37): CodeIgniter\CodeIgniter->run()
#4 {main}
CRITICAL - 2022-05-17 12:11:53 --> Call to a member function withInput() on string
#0 C:\xampp\htdocs\classroom\system\CodeIgniter.php(832): App\Controllers\ClassController->singleClass('14')
#1 C:\xampp\htdocs\classroom\system\CodeIgniter.php(419): CodeIgniter\CodeIgniter->runController(Object(App\Controllers\ClassController))
#2 C:\xampp\htdocs\classroom\system\CodeIgniter.php(326): CodeIgniter\CodeIgniter->handleRequest(NULL, Object(Config\Cache), false)
#3 C:\xampp\htdocs\classroom\public\index.php(37): CodeIgniter\CodeIgniter->run()
#4 {main}
CRITICAL - 2022-05-17 12:12:39 --> Call to a member function withInput() on string
#0 C:\xampp\htdocs\classroom\system\CodeIgniter.php(832): App\Controllers\ClassController->singleClass('14')
#1 C:\xampp\htdocs\classroom\system\CodeIgniter.php(419): CodeIgniter\CodeIgniter->runController(Object(App\Controllers\ClassController))
#2 C:\xampp\htdocs\classroom\system\CodeIgniter.php(326): CodeIgniter\CodeIgniter->handleRequest(NULL, Object(Config\Cache), false)
#3 C:\xampp\htdocs\classroom\public\index.php(37): CodeIgniter\CodeIgniter->run()
#4 {main}
CRITICAL - 2022-05-17 12:13:30 --> preg_match(): Compilation failed: unmatched closing parenthesis at offset 11
#0 [internal function]: CodeIgniter\Debug\Exceptions->errorHandler(2, 'preg_match(): C...', 'C:\\xampp\\htdocs...', 384, Array)
#1 C:\xampp\htdocs\classroom\system\Router\Router.php(384): preg_match('#^edit-class)$#...', 'edit-class', Array)
#2 C:\xampp\htdocs\classroom\system\Router\Router.php(154): CodeIgniter\Router\Router->checkRoutes('edit-class')
#3 C:\xampp\htdocs\classroom\system\CodeIgniter.php(726): CodeIgniter\Router\Router->handle('edit-class')
#4 C:\xampp\htdocs\classroom\system\CodeIgniter.php(368): CodeIgniter\CodeIgniter->tryToRouteIt(Object(CodeIgniter\Router\RouteCollection))
#5 C:\xampp\htdocs\classroom\system\CodeIgniter.php(326): CodeIgniter\CodeIgniter->handleRequest(NULL, Object(Config\Cache), false)
#6 C:\xampp\htdocs\classroom\public\index.php(37): CodeIgniter\CodeIgniter->run()
#7 {main}
CRITICAL - 2022-05-17 12:13:54 --> preg_match(): Compilation failed: unmatched closing parenthesis at offset 11
#0 [internal function]: CodeIgniter\Debug\Exceptions->errorHandler(2, 'preg_match(): C...', 'C:\\xampp\\htdocs...', 384, Array)
#1 C:\xampp\htdocs\classroom\system\Router\Router.php(384): preg_match('#^edit-class)$#...', 'edit-class', Array)
#2 C:\xampp\htdocs\classroom\system\Router\Router.php(154): CodeIgniter\Router\Router->checkRoutes('edit-class')
#3 C:\xampp\htdocs\classroom\system\CodeIgniter.php(726): CodeIgniter\Router\Router->handle('edit-class')
#4 C:\xampp\htdocs\classroom\system\CodeIgniter.php(368): CodeIgniter\CodeIgniter->tryToRouteIt(Object(CodeIgniter\Router\RouteCollection))
#5 C:\xampp\htdocs\classroom\system\CodeIgniter.php(326): CodeIgniter\CodeIgniter->handleRequest(NULL, Object(Config\Cache), false)
#6 C:\xampp\htdocs\classroom\public\index.php(37): CodeIgniter\CodeIgniter->run()
#7 {main}
CRITICAL - 2022-05-17 12:46:10 --> Invalid file: manage_subject.php
#0 C:\xampp\htdocs\classroom\system\View\View.php(198): CodeIgniter\Exceptions\FrameworkException::forInvalidFile('manage_subject....')
#1 C:\xampp\htdocs\classroom\system\Common.php(1089): CodeIgniter\View\View->render('manage_subject', Array, true)
#2 C:\xampp\htdocs\classroom\app\Controllers\AdminController.php(134): view('manage_subject', Array)
#3 C:\xampp\htdocs\classroom\system\CodeIgniter.php(832): App\Controllers\AdminController->subject_index()
#4 C:\xampp\htdocs\classroom\system\CodeIgniter.php(419): CodeIgniter\CodeIgniter->runController(Object(App\Controllers\AdminController))
#5 C:\xampp\htdocs\classroom\system\CodeIgniter.php(326): CodeIgniter\CodeIgniter->handleRequest(NULL, Object(Config\Cache), false)
#6 C:\xampp\htdocs\classroom\public\index.php(37): CodeIgniter\CodeIgniter->run()
#7 {main}
ERROR - 2022-05-17 13:05:08 --> Column 'class_name' cannot be null
ERROR - 2022-05-17 13:05:11 --> Column 'class_name' cannot be null
ERROR - 2022-05-17 13:05:12 --> Column 'class_name' cannot be null
CRITICAL - 2022-05-17 14:19:02 --> syntax error, unexpected ']'
#0 C:\xampp\htdocs\classroom\system\Autoloader\Autoloader.php(241): CodeIgniter\Autoloader\Autoloader->includeFile('C:\\xampp\\htdocs...')
#1 C:\xampp\htdocs\classroom\system\Autoloader\Autoloader.php(219): CodeIgniter\Autoloader\Autoloader->loadInNamespace('App\\Controllers...')
#2 [internal function]: CodeIgniter\Autoloader\Autoloader->loadClass('App\\Controllers...')
#3 [internal function]: spl_autoload_call('App\\Controllers...')
#4 C:\xampp\htdocs\classroom\system\CodeIgniter.php(797): class_exists('\\App\\Controller...', true)
#5 C:\xampp\htdocs\classroom\system\CodeIgniter.php(406): CodeIgniter\CodeIgniter->startController()
#6 C:\xampp\htdocs\classroom\system\CodeIgniter.php(326): CodeIgniter\CodeIgniter->handleRequest(NULL, Object(Config\Cache), false)
#7 C:\xampp\htdocs\classroom\public\index.php(37): CodeIgniter\CodeIgniter->run()
#8 {main}
CRITICAL - 2022-05-17 14:36:13 --> Call to a member function setflashdata() on null
#0 C:\xampp\htdocs\classroom\system\CodeIgniter.php(832): App\Controllers\TeacherController->add_teacher()
#1 C:\xampp\htdocs\classroom\system\CodeIgniter.php(419): CodeIgniter\CodeIgniter->runController(Object(App\Controllers\TeacherController))
#2 C:\xampp\htdocs\classroom\system\CodeIgniter.php(326): CodeIgniter\CodeIgniter->handleRequest(NULL, Object(Config\Cache), false)
#3 C:\xampp\htdocs\classroom\public\index.php(37): CodeIgniter\CodeIgniter->run()
#4 {main}
CRITICAL - 2022-05-17 14:36:26 --> Call to a member function setflashdata() on null
#0 C:\xampp\htdocs\classroom\system\CodeIgniter.php(832): App\Controllers\TeacherController->add_teacher()
#1 C:\xampp\htdocs\classroom\system\CodeIgniter.php(419): CodeIgniter\CodeIgniter->runController(Object(App\Controllers\TeacherController))
#2 C:\xampp\htdocs\classroom\system\CodeIgniter.php(326): CodeIgniter\CodeIgniter->handleRequest(NULL, Object(Config\Cache), false)
#3 C:\xampp\htdocs\classroom\public\index.php(37): CodeIgniter\CodeIgniter->run()
#4 {main}
CRITICAL - 2022-05-17 15:10:38 --> syntax error, unexpected end of file, expecting elseif (T_ELSEIF) or else (T_ELSE) or endif (T_ENDIF)
#0 C:\xampp\htdocs\classroom\system\View\View.php(213): CodeIgniter\View\View->CodeIgniter\View\{closure}()
#1 C:\xampp\htdocs\classroom\system\Common.php(1089): CodeIgniter\View\View->render('teacher/manage_...', Array, true)
#2 C:\xampp\htdocs\classroom\app\Controllers\TeacherController.php(18): view('teacher/manage_...', Array)
#3 C:\xampp\htdocs\classroom\system\CodeIgniter.php(832): App\Controllers\TeacherController->index()
#4 C:\xampp\htdocs\classroom\system\CodeIgniter.php(419): CodeIgniter\CodeIgniter->runController(Object(App\Controllers\TeacherController))
#5 C:\xampp\htdocs\classroom\system\CodeIgniter.php(326): CodeIgniter\CodeIgniter->handleRequest(NULL, Object(Config\Cache), false)
#6 C:\xampp\htdocs\classroom\public\index.php(37): CodeIgniter\CodeIgniter->run()
#7 {main}
CRITICAL - 2022-05-17 16:05:03 --> Call to a member function where() on null
#0 C:\xampp\htdocs\classroom\system\CodeIgniter.php(832): App\Controllers\TeacherController->singleTeacher('8')
#1 C:\xampp\htdocs\classroom\system\CodeIgniter.php(419): CodeIgniter\CodeIgniter->runController(Object(App\Controllers\TeacherController))
#2 C:\xampp\htdocs\classroom\system\CodeIgniter.php(326): CodeIgniter\CodeIgniter->handleRequest(NULL, Object(Config\Cache), false)
#3 C:\xampp\htdocs\classroom\public\index.php(37): CodeIgniter\CodeIgniter->run()
#4 {main}
CRITICAL - 2022-05-17 19:38:15 --> Argument 2 passed to CodeIgniter\HTTP\Response::redirect() must be of the type string, array given, called in C:\xampp\htdocs\classroom\app\Controllers\TeacherController.php on line 82
#0 C:\xampp\htdocs\classroom\app\Controllers\TeacherController.php(82): CodeIgniter\HTTP\Response->redirect('http://localhos...', Array)
#1 C:\xampp\htdocs\classroom\system\CodeIgniter.php(832): App\Controllers\TeacherController->singleTeacher('9')
#2 C:\xampp\htdocs\classroom\system\CodeIgniter.php(419): CodeIgniter\CodeIgniter->runController(Object(App\Controllers\TeacherController))
#3 C:\xampp\htdocs\classroom\system\CodeIgniter.php(326): CodeIgniter\CodeIgniter->handleRequest(NULL, Object(Config\Cache), false)
#4 C:\xampp\htdocs\classroom\public\index.php(37): CodeIgniter\CodeIgniter->run()
#5 {main}
CRITICAL - 2022-05-17 19:48:34 --> Invalid file: view_teacher_profile_by_admin.php
#0 C:\xampp\htdocs\classroom\system\View\View.php(198): CodeIgniter\Exceptions\FrameworkException::forInvalidFile('view_teacher_pr...')
#1 C:\xampp\htdocs\classroom\system\Common.php(1089): CodeIgniter\View\View->render('view_teacher_pr...', Array, true)
#2 C:\xampp\htdocs\classroom\app\Controllers\TeacherController.php(83): view('view_teacher_pr...')
#3 C:\xampp\htdocs\classroom\system\CodeIgniter.php(832): App\Controllers\TeacherController->singleTeacher('9')
#4 C:\xampp\htdocs\classroom\system\CodeIgniter.php(419): CodeIgniter\CodeIgniter->runController(Object(App\Controllers\TeacherController))
#5 C:\xampp\htdocs\classroom\system\CodeIgniter.php(326): CodeIgniter\CodeIgniter->handleRequest(NULL, Object(Config\Cache), false)
#6 C:\xampp\htdocs\classroom\public\index.php(37): CodeIgniter\CodeIgniter->run()
#7 {main}
CRITICAL - 2022-05-17 20:19:03 --> Invalid file: /teachers.php
#0 C:\xampp\htdocs\classroom\system\View\View.php(198): CodeIgniter\Exceptions\FrameworkException::forInvalidFile('/teachers.php')
#1 C:\xampp\htdocs\classroom\system\Common.php(1089): CodeIgniter\View\View->render('/teachers', Array, true)
#2 C:\xampp\htdocs\classroom\app\Controllers\TeacherController.php(45): view('/teachers')
#3 C:\xampp\htdocs\classroom\system\CodeIgniter.php(832): App\Controllers\TeacherController->add_teacher()
#4 C:\xampp\htdocs\classroom\system\CodeIgniter.php(419): CodeIgniter\CodeIgniter->runController(Object(App\Controllers\TeacherController))
#5 C:\xampp\htdocs\classroom\system\CodeIgniter.php(326): CodeIgniter\CodeIgniter->handleRequest(NULL, Object(Config\Cache), false)
#6 C:\xampp\htdocs\classroom\public\index.php(37): CodeIgniter\CodeIgniter->run()
#7 {main}
CRITICAL - 2022-05-17 20:21:11 --> Invalid argument supplied for foreach()
#0 C:\xampp\htdocs\classroom\app\Views\teacher\manage_teacher.php(44): CodeIgniter\Debug\Exceptions->errorHandler(2, 'Invalid argumen...', 'C:\\xampp\\htdocs...', 44, Array)
#1 C:\xampp\htdocs\classroom\system\View\View.php(210): include('C:\\xampp\\htdocs...')
#2 C:\xampp\htdocs\classroom\system\View\View.php(213): CodeIgniter\View\View->CodeIgniter\View\{closure}()
#3 C:\xampp\htdocs\classroom\system\Common.php(1089): CodeIgniter\View\View->render('teacher/manage_...', Array, true)
#4 C:\xampp\htdocs\classroom\app\Controllers\TeacherController.php(45): view('teacher/manage_...')
#5 C:\xampp\htdocs\classroom\system\CodeIgniter.php(832): App\Controllers\TeacherController->add_teacher()
#6 C:\xampp\htdocs\classroom\system\CodeIgniter.php(419): CodeIgniter\CodeIgniter->runController(Object(App\Controllers\TeacherController))
#7 C:\xampp\htdocs\classroom\system\CodeIgniter.php(326): CodeIgniter\CodeIgniter->handleRequest(NULL, Object(Config\Cache), false)
#8 C:\xampp\htdocs\classroom\public\index.php(37): CodeIgniter\CodeIgniter->run()
#9 {main}
CRITICAL - 2022-05-17 22:26:08 --> Call to a member function getBasename() on null
#0 C:\xampp\htdocs\classroom\system\View\View.php(210): include()
#1 C:\xampp\htdocs\classroom\system\View\View.php(213): CodeIgniter\View\View->CodeIgniter\View\{closure}()
#2 C:\xampp\htdocs\classroom\system\Common.php(1089): CodeIgniter\View\View->render('view_admin_prof...', Array, true)
#3 C:\xampp\htdocs\classroom\app\Config\Routes.php(42): view('view_admin_prof...')
#4 C:\xampp\htdocs\classroom\system\CodeIgniter.php(788): CodeIgniter\CodeIgniter->Config\{closure}()
#5 C:\xampp\htdocs\classroom\system\CodeIgniter.php(406): CodeIgniter\CodeIgniter->startController()
#6 C:\xampp\htdocs\classroom\system\CodeIgniter.php(326): CodeIgniter\CodeIgniter->handleRequest(NULL, Object(Config\Cache), false)
#7 C:\xampp\htdocs\classroom\public\index.php(37): CodeIgniter\CodeIgniter->run()
#8 {main}
CRITICAL - 2022-05-17 22:26:40 --> Call to a member function getBasename() on null
#0 C:\xampp\htdocs\classroom\system\View\View.php(210): include()
#1 C:\xampp\htdocs\classroom\system\View\View.php(213): CodeIgniter\View\View->CodeIgniter\View\{closure}()
#2 C:\xampp\htdocs\classroom\system\Common.php(1089): CodeIgniter\View\View->render('view_admin_prof...', Array, true)
#3 C:\xampp\htdocs\classroom\app\Config\Routes.php(42): view('view_admin_prof...')
#4 C:\xampp\htdocs\classroom\system\CodeIgniter.php(788): CodeIgniter\CodeIgniter->Config\{closure}()
#5 C:\xampp\htdocs\classroom\system\CodeIgniter.php(406): CodeIgniter\CodeIgniter->startController()
#6 C:\xampp\htdocs\classroom\system\CodeIgniter.php(326): CodeIgniter\CodeIgniter->handleRequest(NULL, Object(Config\Cache), false)
#7 C:\xampp\htdocs\classroom\public\index.php(37): CodeIgniter\CodeIgniter->run()
#8 {main}
CRITICAL - 2022-05-17 22:26:44 --> Call to a member function getBasename() on null
#0 C:\xampp\htdocs\classroom\system\View\View.php(210): include()
#1 C:\xampp\htdocs\classroom\system\View\View.php(213): CodeIgniter\View\View->CodeIgniter\View\{closure}()
#2 C:\xampp\htdocs\classroom\system\Common.php(1089): CodeIgniter\View\View->render('view_admin_prof...', Array, true)
#3 C:\xampp\htdocs\classroom\app\Config\Routes.php(42): view('view_admin_prof...')
#4 C:\xampp\htdocs\classroom\system\CodeIgniter.php(788): CodeIgniter\CodeIgniter->Config\{closure}()
#5 C:\xampp\htdocs\classroom\system\CodeIgniter.php(406): CodeIgniter\CodeIgniter->startController()
#6 C:\xampp\htdocs\classroom\system\CodeIgniter.php(326): CodeIgniter\CodeIgniter->handleRequest(NULL, Object(Config\Cache), false)
#7 C:\xampp\htdocs\classroom\public\index.php(37): CodeIgniter\CodeIgniter->run()
#8 {main}
CRITICAL - 2022-05-17 22:27:15 --> Invalid argument supplied for foreach()
#0 C:\xampp\htdocs\classroom\app\Views\edit_admin_profile.php(23): CodeIgniter\Debug\Exceptions->errorHandler(2, 'Invalid argumen...', 'C:\\xampp\\htdocs...', 23, Array)
#1 C:\xampp\htdocs\classroom\system\View\View.php(210): include('C:\\xampp\\htdocs...')
#2 C:\xampp\htdocs\classroom\system\View\View.php(213): CodeIgniter\View\View->CodeIgniter\View\{closure}()
#3 C:\xampp\htdocs\classroom\system\Common.php(1089): CodeIgniter\View\View->render('edit_admin_prof...', Array, true)
#4 C:\xampp\htdocs\classroom\app\Config\Routes.php(43): view('edit_admin_prof...')
#5 C:\xampp\htdocs\classroom\system\CodeIgniter.php(788): CodeIgniter\CodeIgniter->Config\{closure}()
#6 C:\xampp\htdocs\classroom\system\CodeIgniter.php(406): CodeIgniter\CodeIgniter->startController()
#7 C:\xampp\htdocs\classroom\system\CodeIgniter.php(326): CodeIgniter\CodeIgniter->handleRequest(NULL, Object(Config\Cache), false)
#8 C:\xampp\htdocs\classroom\public\index.php(37): CodeIgniter\CodeIgniter->run()
#9 {main}
CRITICAL - 2022-05-17 22:28:10 --> Call to undefined function form_open_multipart()
#0 C:\xampp\htdocs\classroom\system\View\View.php(210): include()
#1 C:\xampp\htdocs\classroom\system\View\View.php(213): CodeIgniter\View\View->CodeIgniter\View\{closure}()
#2 C:\xampp\htdocs\classroom\system\Common.php(1089): CodeIgniter\View\View->render('edit_admin_prof...', Array, true)
#3 C:\xampp\htdocs\classroom\app\Config\Routes.php(43): view('edit_admin_prof...')
#4 C:\xampp\htdocs\classroom\system\CodeIgniter.php(788): CodeIgniter\CodeIgniter->Config\{closure}()
#5 C:\xampp\htdocs\classroom\system\CodeIgniter.php(406): CodeIgniter\CodeIgniter->startController()
#6 C:\xampp\htdocs\classroom\system\CodeIgniter.php(326): CodeIgniter\CodeIgniter->handleRequest(NULL, Object(Config\Cache), false)
#7 C:\xampp\htdocs\classroom\public\index.php(37): CodeIgniter\CodeIgniter->run()
#8 {main}
CRITICAL - 2022-05-17 22:28:14 --> Call to undefined function form_open_multipart()
#0 C:\xampp\htdocs\classroom\system\View\View.php(210): include()
#1 C:\xampp\htdocs\classroom\system\View\View.php(213): CodeIgniter\View\View->CodeIgniter\View\{closure}()
#2 C:\xampp\htdocs\classroom\system\Common.php(1089): CodeIgniter\View\View->render('edit_admin_prof...', Array, true)
#3 C:\xampp\htdocs\classroom\app\Config\Routes.php(43): view('edit_admin_prof...')
#4 C:\xampp\htdocs\classroom\system\CodeIgniter.php(788): CodeIgniter\CodeIgniter->Config\{closure}()
#5 C:\xampp\htdocs\classroom\system\CodeIgniter.php(406): CodeIgniter\CodeIgniter->startController()
#6 C:\xampp\htdocs\classroom\system\CodeIgniter.php(326): CodeIgniter\CodeIgniter->handleRequest(NULL, Object(Config\Cache), false)
#7 C:\xampp\htdocs\classroom\public\index.php(37): CodeIgniter\CodeIgniter->run()
#8 {main}
CRITICAL - 2022-05-17 22:29:09 --> Call to undefined function form_open_multipart()
#0 C:\xampp\htdocs\classroom\system\View\View.php(210): include()
#1 C:\xampp\htdocs\classroom\system\View\View.php(213): CodeIgniter\View\View->CodeIgniter\View\{closure}()
#2 C:\xampp\htdocs\classroom\system\Common.php(1089): CodeIgniter\View\View->render('edit_admin_prof...', Array, true)
#3 C:\xampp\htdocs\classroom\app\Config\Routes.php(43): view('edit_admin_prof...')
#4 C:\xampp\htdocs\classroom\system\CodeIgniter.php(788): CodeIgniter\CodeIgniter->Config\{closure}()
#5 C:\xampp\htdocs\classroom\system\CodeIgniter.php(406): CodeIgniter\CodeIgniter->startController()
#6 C:\xampp\htdocs\classroom\system\CodeIgniter.php(326): CodeIgniter\CodeIgniter->handleRequest(NULL, Object(Config\Cache), false)
#7 C:\xampp\htdocs\classroom\public\index.php(37): CodeIgniter\CodeIgniter->run()
#8 {main}
CRITICAL - 2022-05-17 22:30:30 --> Call to undefined function form_open_multipart()
#0 C:\xampp\htdocs\classroom\system\View\View.php(210): include()
#1 C:\xampp\htdocs\classroom\system\View\View.php(213): CodeIgniter\View\View->CodeIgniter\View\{closure}()
#2 C:\xampp\htdocs\classroom\system\Common.php(1089): CodeIgniter\View\View->render('edit_admin_prof...', Array, true)
#3 C:\xampp\htdocs\classroom\app\Config\Routes.php(43): view('edit_admin_prof...')
#4 C:\xampp\htdocs\classroom\system\CodeIgniter.php(788): CodeIgniter\CodeIgniter->Config\{closure}()
#5 C:\xampp\htdocs\classroom\system\CodeIgniter.php(406): CodeIgniter\CodeIgniter->startController()
#6 C:\xampp\htdocs\classroom\system\CodeIgniter.php(326): CodeIgniter\CodeIgniter->handleRequest(NULL, Object(Config\Cache), false)
#7 C:\xampp\htdocs\classroom\public\index.php(37): CodeIgniter\CodeIgniter->run()
#8 {main}
CRITICAL - 2022-05-17 22:30:31 --> Call to undefined function form_open_multipart()
#0 C:\xampp\htdocs\classroom\system\View\View.php(210): include()
#1 C:\xampp\htdocs\classroom\system\View\View.php(213): CodeIgniter\View\View->CodeIgniter\View\{closure}()
#2 C:\xampp\htdocs\classroom\system\Common.php(1089): CodeIgniter\View\View->render('edit_admin_prof...', Array, true)
#3 C:\xampp\htdocs\classroom\app\Config\Routes.php(43): view('edit_admin_prof...')
#4 C:\xampp\htdocs\classroom\system\CodeIgniter.php(788): CodeIgniter\CodeIgniter->Config\{closure}()
#5 C:\xampp\htdocs\classroom\system\CodeIgniter.php(406): CodeIgniter\CodeIgniter->startController()
#6 C:\xampp\htdocs\classroom\system\CodeIgniter.php(326): CodeIgniter\CodeIgniter->handleRequest(NULL, Object(Config\Cache), false)
#7 C:\xampp\htdocs\classroom\public\index.php(37): CodeIgniter\CodeIgniter->run()
#8 {main}
CRITICAL - 2022-05-17 22:30:31 --> Call to undefined function form_open_multipart()
#0 C:\xampp\htdocs\classroom\system\View\View.php(210): include()
#1 C:\xampp\htdocs\classroom\system\View\View.php(213): CodeIgniter\View\View->CodeIgniter\View\{closure}()
#2 C:\xampp\htdocs\classroom\system\Common.php(1089): CodeIgniter\View\View->render('edit_admin_prof...', Array, true)
#3 C:\xampp\htdocs\classroom\app\Config\Routes.php(43): view('edit_admin_prof...')
#4 C:\xampp\htdocs\classroom\system\CodeIgniter.php(788): CodeIgniter\CodeIgniter->Config\{closure}()
#5 C:\xampp\htdocs\classroom\system\CodeIgniter.php(406): CodeIgniter\CodeIgniter->startController()
#6 C:\xampp\htdocs\classroom\system\CodeIgniter.php(326): CodeIgniter\CodeIgniter->handleRequest(NULL, Object(Config\Cache), false)
#7 C:\xampp\htdocs\classroom\public\index.php(37): CodeIgniter\CodeIgniter->run()
#8 {main}
CRITICAL - 2022-05-17 22:30:31 --> Call to undefined function form_open_multipart()
#0 C:\xampp\htdocs\classroom\system\View\View.php(210): include()
#1 C:\xampp\htdocs\classroom\system\View\View.php(213): CodeIgniter\View\View->CodeIgniter\View\{closure}()
#2 C:\xampp\htdocs\classroom\system\Common.php(1089): CodeIgniter\View\View->render('edit_admin_prof...', Array, true)
#3 C:\xampp\htdocs\classroom\app\Config\Routes.php(43): view('edit_admin_prof...')
#4 C:\xampp\htdocs\classroom\system\CodeIgniter.php(788): CodeIgniter\CodeIgniter->Config\{closure}()
#5 C:\xampp\htdocs\classroom\system\CodeIgniter.php(406): CodeIgniter\CodeIgniter->startController()
#6 C:\xampp\htdocs\classroom\system\CodeIgniter.php(326): CodeIgniter\CodeIgniter->handleRequest(NULL, Object(Config\Cache), false)
#7 C:\xampp\htdocs\classroom\public\index.php(37): CodeIgniter\CodeIgniter->run()
#8 {main}
CRITICAL - 2022-05-17 22:30:32 --> Call to undefined function form_open_multipart()
#0 C:\xampp\htdocs\classroom\system\View\View.php(210): include()
#1 C:\xampp\htdocs\classroom\system\View\View.php(213): CodeIgniter\View\View->CodeIgniter\View\{closure}()
#2 C:\xampp\htdocs\classroom\system\Common.php(1089): CodeIgniter\View\View->render('edit_admin_prof...', Array, true)
#3 C:\xampp\htdocs\classroom\app\Config\Routes.php(43): view('edit_admin_prof...')
#4 C:\xampp\htdocs\classroom\system\CodeIgniter.php(788): CodeIgniter\CodeIgniter->Config\{closure}()
#5 C:\xampp\htdocs\classroom\system\CodeIgniter.php(406): CodeIgniter\CodeIgniter->startController()
#6 C:\xampp\htdocs\classroom\system\CodeIgniter.php(326): CodeIgniter\CodeIgniter->handleRequest(NULL, Object(Config\Cache), false)
#7 C:\xampp\htdocs\classroom\public\index.php(37): CodeIgniter\CodeIgniter->run()
#8 {main}
CRITICAL - 2022-05-17 22:30:32 --> Call to undefined function form_open_multipart()
#0 C:\xampp\htdocs\classroom\system\View\View.php(210): include()
#1 C:\xampp\htdocs\classroom\system\View\View.php(213): CodeIgniter\View\View->CodeIgniter\View\{closure}()
#2 C:\xampp\htdocs\classroom\system\Common.php(1089): CodeIgniter\View\View->render('edit_admin_prof...', Array, true)
#3 C:\xampp\htdocs\classroom\app\Config\Routes.php(43): view('edit_admin_prof...')
#4 C:\xampp\htdocs\classroom\system\CodeIgniter.php(788): CodeIgniter\CodeIgniter->Config\{closure}()
#5 C:\xampp\htdocs\classroom\system\CodeIgniter.php(406): CodeIgniter\CodeIgniter->startController()
#6 C:\xampp\htdocs\classroom\system\CodeIgniter.php(326): CodeIgniter\CodeIgniter->handleRequest(NULL, Object(Config\Cache), false)
#7 C:\xampp\htdocs\classroom\public\index.php(37): CodeIgniter\CodeIgniter->run()
#8 {main}
CRITICAL - 2022-05-17 22:30:35 --> Call to undefined function form_open_multipart()
#0 C:\xampp\htdocs\classroom\system\View\View.php(210): include()
#1 C:\xampp\htdocs\classroom\system\View\View.php(213): CodeIgniter\View\View->CodeIgniter\View\{closure}()
#2 C:\xampp\htdocs\classroom\system\Common.php(1089): CodeIgniter\View\View->render('edit_admin_prof...', Array, true)
#3 C:\xampp\htdocs\classroom\app\Config\Routes.php(43): view('edit_admin_prof...')
#4 C:\xampp\htdocs\classroom\system\CodeIgniter.php(788): CodeIgniter\CodeIgniter->Config\{closure}()
#5 C:\xampp\htdocs\classroom\system\CodeIgniter.php(406): CodeIgniter\CodeIgniter->startController()
#6 C:\xampp\htdocs\classroom\system\CodeIgniter.php(326): CodeIgniter\CodeIgniter->handleRequest(NULL, Object(Config\Cache), false)
#7 C:\xampp\htdocs\classroom\public\index.php(37): CodeIgniter\CodeIgniter->run()
#8 {main}
CRITICAL - 2022-05-17 22:35:09 --> Call to undefined function App\Controllers\upload()
#0 C:\xampp\htdocs\classroom\system\CodeIgniter.php(832): App\Controllers\AdminController->edit_profile()
#1 C:\xampp\htdocs\classroom\system\CodeIgniter.php(419): CodeIgniter\CodeIgniter->runController(Object(App\Controllers\AdminController))
#2 C:\xampp\htdocs\classroom\system\CodeIgniter.php(326): CodeIgniter\CodeIgniter->handleRequest(NULL, Object(Config\Cache), false)
#3 C:\xampp\htdocs\classroom\public\index.php(37): CodeIgniter\CodeIgniter->run()
#4 {main}
CRITICAL - 2022-05-17 22:45:54 --> Class 'App\Controllers\File' not found
#0 C:\xampp\htdocs\classroom\system\CodeIgniter.php(832): App\Controllers\AdminController->edit_profile()
#1 C:\xampp\htdocs\classroom\system\CodeIgniter.php(419): CodeIgniter\CodeIgniter->runController(Object(App\Controllers\AdminController))
#2 C:\xampp\htdocs\classroom\system\CodeIgniter.php(326): CodeIgniter\CodeIgniter->handleRequest(NULL, Object(Config\Cache), false)
#3 C:\xampp\htdocs\classroom\public\index.php(37): CodeIgniter\CodeIgniter->run()
#4 {main}
CRITICAL - 2022-05-17 22:59:18 --> Argument 1 passed to _get_uri() must be of the type string, null given, called in C:\xampp\htdocs\classroom\system\Helpers\url_helper.php on line 87
#0 C:\xampp\htdocs\classroom\system\Helpers\url_helper.php(87): _get_uri(NULL, Object(Config\App))
#1 C:\xampp\htdocs\classroom\system\Helpers\url_helper.php(106): site_url(NULL, NULL, Object(Config\App))
#2 C:\xampp\htdocs\classroom\app\Views\view_admin_profile.php(25): base_url(NULL)
#3 C:\xampp\htdocs\classroom\system\View\View.php(210): include('C:\\xampp\\htdocs...')
#4 C:\xampp\htdocs\classroom\system\View\View.php(213): CodeIgniter\View\View->CodeIgniter\View\{closure}()
#5 C:\xampp\htdocs\classroom\system\Common.php(1089): CodeIgniter\View\View->render('view_admin_prof...', Array, true)
#6 C:\xampp\htdocs\classroom\app\Config\Routes.php(42): view('view_admin_prof...')
#7 C:\xampp\htdocs\classroom\system\CodeIgniter.php(788): CodeIgniter\CodeIgniter->Config\{closure}()
#8 C:\xampp\htdocs\classroom\system\CodeIgniter.php(406): CodeIgniter\CodeIgniter->startController()
#9 C:\xampp\htdocs\classroom\system\CodeIgniter.php(326): CodeIgniter\CodeIgniter->handleRequest(NULL, Object(Config\Cache), false)
#10 C:\xampp\htdocs\classroom\public\index.php(37): CodeIgniter\CodeIgniter->run()
#11 {main}
CRITICAL - 2022-05-17 23:10:11 --> Image File is not a valid rule.
#0 C:\xampp\htdocs\classroom\system\Validation\Validation.php(300): CodeIgniter\Validation\Exceptions\ValidationException::forRuleNotFound('Image File')
#1 C:\xampp\htdocs\classroom\system\Validation\Validation.php(157): CodeIgniter\Validation\Validation->processRules('userfile', 'Image File', NULL, Array, Array)
#2 C:\xampp\htdocs\classroom\system\Controller.php(160): CodeIgniter\Validation\Validation->run()
#3 C:\xampp\htdocs\classroom\app\Controllers\AdminController.php(125): CodeIgniter\Controller->validate(Array)
#4 C:\xampp\htdocs\classroom\system\CodeIgniter.php(832): App\Controllers\AdminController->edit_profile()
#5 C:\xampp\htdocs\classroom\system\CodeIgniter.php(419): CodeIgniter\CodeIgniter->runController(Object(App\Controllers\AdminController))
#6 C:\xampp\htdocs\classroom\system\CodeIgniter.php(326): CodeIgniter\CodeIgniter->handleRequest(NULL, Object(Config\Cache), false)
#7 C:\xampp\htdocs\classroom\public\index.php(37): CodeIgniter\CodeIgniter->run()
#8 {main}
