CRITICAL - 2022-05-18 16:05:12 --> Object of class CodeIgniter\HTTP\RedirectResponse could not be converted to string
#0 C:\xampp\htdocs\classroom\system\View\View.php(210): include()
#1 C:\xampp\htdocs\classroom\system\View\View.php(213): CodeIgniter\View\View->CodeIgniter\View\{closure}()
#2 C:\xampp\htdocs\classroom\system\Common.php(1089): CodeIgniter\View\View->render('student/add_stu...', Array, true)
#3 C:\xampp\htdocs\classroom\app\Config\Routes.php(59): view('student/add_stu...')
#4 C:\xampp\htdocs\classroom\system\CodeIgniter.php(788): CodeIgniter\CodeIgniter->Config\{closure}()
#5 C:\xampp\htdocs\classroom\system\CodeIgniter.php(406): CodeIgniter\CodeIgniter->startController()
#6 C:\xampp\htdocs\classroom\system\CodeIgniter.php(326): CodeIgniter\CodeIgniter->handleRequest(NULL, Object(Config\Cache), false)
#7 C:\xampp\htdocs\classroom\public\index.php(37): CodeIgniter\CodeIgniter->run()
#8 {main}
ERROR - 2022-05-18 22:12:54 --> Cannot add or update a child row: a foreign key constraint fails (`classroom`.`student`, CONSTRAINT `student_ibfk_1` FOREIGN KEY (`admin_id`) REFERENCES `admin` (`admin_id`))
ERROR - 2022-05-18 22:12:54 --> Cannot add or update a child row: a foreign key constraint fails (`classroom`.`student`, CONSTRAINT `student_ibfk_1` FOREIGN KEY (`admin_id`) REFERENCES `admin` (`admin_id`))
ERROR - 2022-05-18 22:12:54 --> Cannot add or update a child row: a foreign key constraint fails (`classroom`.`student`, CONSTRAINT `student_ibfk_1` FOREIGN KEY (`admin_id`) REFERENCES `admin` (`admin_id`))
ERROR - 2022-05-18 22:16:30 --> Cannot add or update a child row: a foreign key constraint fails (`classroom`.`student`, CONSTRAINT `student_ibfk_1` FOREIGN KEY (`admin_id`) REFERENCES `admin` (`admin_id`))
ERROR - 2022-05-18 22:16:30 --> Cannot add or update a child row: a foreign key constraint fails (`classroom`.`student`, CONSTRAINT `student_ibfk_1` FOREIGN KEY (`admin_id`) REFERENCES `admin` (`admin_id`))
ERROR - 2022-05-18 22:16:30 --> Cannot add or update a child row: a foreign key constraint fails (`classroom`.`student`, CONSTRAINT `student_ibfk_1` FOREIGN KEY (`admin_id`) REFERENCES `admin` (`admin_id`))
CRITICAL - 2022-05-18 22:16:30 -->  route cannot be found while reverse-routing.
#0 C:\xampp\htdocs\classroom\system\HTTP\RedirectResponse.php(56): CodeIgniter\HTTP\Exceptions\HTTPException::forInvalidRedirectRoute('')
#1 C:\xampp\htdocs\classroom\app\Controllers\CsvController.php(73): CodeIgniter\HTTP\RedirectResponse->route(false)
#2 C:\xampp\htdocs\classroom\system\CodeIgniter.php(832): App\Controllers\CsvController->import()
#3 C:\xampp\htdocs\classroom\system\CodeIgniter.php(419): CodeIgniter\CodeIgniter->runController(Object(App\Controllers\CsvController))
#4 C:\xampp\htdocs\classroom\system\CodeIgniter.php(326): CodeIgniter\CodeIgniter->handleRequest(NULL, Object(Config\Cache), false)
#5 C:\xampp\htdocs\classroom\public\index.php(37): CodeIgniter\CodeIgniter->run()
#6 {main}
ERROR - 2022-05-18 22:17:43 --> Cannot add or update a child row: a foreign key constraint fails (`classroom`.`student`, CONSTRAINT `student_ibfk_1` FOREIGN KEY (`admin_id`) REFERENCES `admin` (`admin_id`))
ERROR - 2022-05-18 22:17:43 --> Cannot add or update a child row: a foreign key constraint fails (`classroom`.`student`, CONSTRAINT `student_ibfk_1` FOREIGN KEY (`admin_id`) REFERENCES `admin` (`admin_id`))
ERROR - 2022-05-18 22:17:43 --> Cannot add or update a child row: a foreign key constraint fails (`classroom`.`student`, CONSTRAINT `student_ibfk_1` FOREIGN KEY (`admin_id`) REFERENCES `admin` (`admin_id`))
CRITICAL - 2022-05-18 22:17:43 -->  route cannot be found while reverse-routing.
#0 C:\xampp\htdocs\classroom\system\HTTP\RedirectResponse.php(56): CodeIgniter\HTTP\Exceptions\HTTPException::forInvalidRedirectRoute('')
#1 C:\xampp\htdocs\classroom\app\Controllers\CsvController.php(73): CodeIgniter\HTTP\RedirectResponse->route(false)
#2 C:\xampp\htdocs\classroom\system\CodeIgniter.php(832): App\Controllers\CsvController->import()
#3 C:\xampp\htdocs\classroom\system\CodeIgniter.php(419): CodeIgniter\CodeIgniter->runController(Object(App\Controllers\CsvController))
#4 C:\xampp\htdocs\classroom\system\CodeIgniter.php(326): CodeIgniter\CodeIgniter->handleRequest(NULL, Object(Config\Cache), false)
#5 C:\xampp\htdocs\classroom\public\index.php(37): CodeIgniter\CodeIgniter->run()
#6 {main}
ERROR - 2022-05-18 22:19:38 --> Cannot add or update a child row: a foreign key constraint fails (`classroom`.`student`, CONSTRAINT `student_ibfk_1` FOREIGN KEY (`admin_id`) REFERENCES `admin` (`admin_id`))
ERROR - 2022-05-18 22:19:38 --> Cannot add or update a child row: a foreign key constraint fails (`classroom`.`student`, CONSTRAINT `student_ibfk_1` FOREIGN KEY (`admin_id`) REFERENCES `admin` (`admin_id`))
ERROR - 2022-05-18 22:19:38 --> Cannot add or update a child row: a foreign key constraint fails (`classroom`.`student`, CONSTRAINT `student_ibfk_1` FOREIGN KEY (`admin_id`) REFERENCES `admin` (`admin_id`))
ERROR - 2022-05-18 22:21:34 --> Cannot add or update a child row: a foreign key constraint fails (`classroom`.`student`, CONSTRAINT `student_ibfk_1` FOREIGN KEY (`admin_id`) REFERENCES `admin` (`admin_id`))
ERROR - 2022-05-18 22:21:34 --> Cannot add or update a child row: a foreign key constraint fails (`classroom`.`student`, CONSTRAINT `student_ibfk_1` FOREIGN KEY (`admin_id`) REFERENCES `admin` (`admin_id`))
ERROR - 2022-05-18 22:21:34 --> Cannot add or update a child row: a foreign key constraint fails (`classroom`.`student`, CONSTRAINT `student_ibfk_1` FOREIGN KEY (`admin_id`) REFERENCES `admin` (`admin_id`))
CRITICAL - 2022-05-18 22:31:47 -->  route cannot be found while reverse-routing.
#0 C:\xampp\htdocs\classroom\system\HTTP\RedirectResponse.php(56): CodeIgniter\HTTP\Exceptions\HTTPException::forInvalidRedirectRoute('')
#1 C:\xampp\htdocs\classroom\app\Controllers\CsvController.php(74): CodeIgniter\HTTP\RedirectResponse->route(false)
#2 C:\xampp\htdocs\classroom\system\CodeIgniter.php(832): App\Controllers\CsvController->import()
#3 C:\xampp\htdocs\classroom\system\CodeIgniter.php(419): CodeIgniter\CodeIgniter->runController(Object(App\Controllers\CsvController))
#4 C:\xampp\htdocs\classroom\system\CodeIgniter.php(326): CodeIgniter\CodeIgniter->handleRequest(NULL, Object(Config\Cache), false)
#5 C:\xampp\htdocs\classroom\public\index.php(37): CodeIgniter\CodeIgniter->run()
#6 {main}
ERROR - 2022-05-18 22:32:33 --> Cannot add or update a child row: a foreign key constraint fails (`classroom`.`student`, CONSTRAINT `student_ibfk_1` FOREIGN KEY (`admin_id`) REFERENCES `admin` (`admin_id`))
ERROR - 2022-05-18 22:32:33 --> Cannot add or update a child row: a foreign key constraint fails (`classroom`.`student`, CONSTRAINT `student_ibfk_1` FOREIGN KEY (`admin_id`) REFERENCES `admin` (`admin_id`))
ERROR - 2022-05-18 22:32:33 --> Cannot add or update a child row: a foreign key constraint fails (`classroom`.`student`, CONSTRAINT `student_ibfk_1` FOREIGN KEY (`admin_id`) REFERENCES `admin` (`admin_id`))
CRITICAL - 2022-05-18 22:32:33 -->  route cannot be found while reverse-routing.
#0 C:\xampp\htdocs\classroom\system\HTTP\RedirectResponse.php(56): CodeIgniter\HTTP\Exceptions\HTTPException::forInvalidRedirectRoute('')
#1 C:\xampp\htdocs\classroom\app\Controllers\CsvController.php(74): CodeIgniter\HTTP\RedirectResponse->route(false)
#2 C:\xampp\htdocs\classroom\system\CodeIgniter.php(832): App\Controllers\CsvController->import()
#3 C:\xampp\htdocs\classroom\system\CodeIgniter.php(419): CodeIgniter\CodeIgniter->runController(Object(App\Controllers\CsvController))
#4 C:\xampp\htdocs\classroom\system\CodeIgniter.php(326): CodeIgniter\CodeIgniter->handleRequest(NULL, Object(Config\Cache), false)
#5 C:\xampp\htdocs\classroom\public\index.php(37): CodeIgniter\CodeIgniter->run()
#6 {main}
ERROR - 2022-05-18 22:32:59 --> Cannot add or update a child row: a foreign key constraint fails (`classroom`.`student`, CONSTRAINT `student_ibfk_1` FOREIGN KEY (`admin_id`) REFERENCES `admin` (`admin_id`))
ERROR - 2022-05-18 22:32:59 --> Cannot add or update a child row: a foreign key constraint fails (`classroom`.`student`, CONSTRAINT `student_ibfk_1` FOREIGN KEY (`admin_id`) REFERENCES `admin` (`admin_id`))
ERROR - 2022-05-18 22:32:59 --> Cannot add or update a child row: a foreign key constraint fails (`classroom`.`student`, CONSTRAINT `student_ibfk_1` FOREIGN KEY (`admin_id`) REFERENCES `admin` (`admin_id`))
ERROR - 2022-05-18 22:33:27 --> Cannot add or update a child row: a foreign key constraint fails (`classroom`.`student`, CONSTRAINT `student_ibfk_1` FOREIGN KEY (`admin_id`) REFERENCES `admin` (`admin_id`))
ERROR - 2022-05-18 22:33:27 --> Cannot add or update a child row: a foreign key constraint fails (`classroom`.`student`, CONSTRAINT `student_ibfk_1` FOREIGN KEY (`admin_id`) REFERENCES `admin` (`admin_id`))
ERROR - 2022-05-18 22:33:27 --> Cannot add or update a child row: a foreign key constraint fails (`classroom`.`student`, CONSTRAINT `student_ibfk_1` FOREIGN KEY (`admin_id`) REFERENCES `admin` (`admin_id`))
ERROR - 2022-05-18 22:33:32 --> Cannot add or update a child row: a foreign key constraint fails (`classroom`.`student`, CONSTRAINT `student_ibfk_1` FOREIGN KEY (`admin_id`) REFERENCES `admin` (`admin_id`))
ERROR - 2022-05-18 22:33:32 --> Cannot add or update a child row: a foreign key constraint fails (`classroom`.`student`, CONSTRAINT `student_ibfk_1` FOREIGN KEY (`admin_id`) REFERENCES `admin` (`admin_id`))
ERROR - 2022-05-18 22:33:32 --> Cannot add or update a child row: a foreign key constraint fails (`classroom`.`student`, CONSTRAINT `student_ibfk_1` FOREIGN KEY (`admin_id`) REFERENCES `admin` (`admin_id`))
ERROR - 2022-05-18 22:35:33 --> Cannot add or update a child row: a foreign key constraint fails (`classroom`.`student`, CONSTRAINT `student_ibfk_1` FOREIGN KEY (`admin_id`) REFERENCES `admin` (`admin_id`))
ERROR - 2022-05-18 22:35:33 --> Cannot add or update a child row: a foreign key constraint fails (`classroom`.`student`, CONSTRAINT `student_ibfk_1` FOREIGN KEY (`admin_id`) REFERENCES `admin` (`admin_id`))
ERROR - 2022-05-18 22:35:33 --> Cannot add or update a child row: a foreign key constraint fails (`classroom`.`student`, CONSTRAINT `student_ibfk_1` FOREIGN KEY (`admin_id`) REFERENCES `admin` (`admin_id`))
ERROR - 2022-05-18 22:35:52 --> Cannot add or update a child row: a foreign key constraint fails (`classroom`.`student`, CONSTRAINT `student_ibfk_1` FOREIGN KEY (`admin_id`) REFERENCES `admin` (`admin_id`))
ERROR - 2022-05-18 22:35:52 --> Cannot add or update a child row: a foreign key constraint fails (`classroom`.`student`, CONSTRAINT `student_ibfk_1` FOREIGN KEY (`admin_id`) REFERENCES `admin` (`admin_id`))
ERROR - 2022-05-18 22:35:52 --> Cannot add or update a child row: a foreign key constraint fails (`classroom`.`student`, CONSTRAINT `student_ibfk_1` FOREIGN KEY (`admin_id`) REFERENCES `admin` (`admin_id`))
ERROR - 2022-05-18 22:36:23 --> Cannot add or update a child row: a foreign key constraint fails (`classroom`.`student`, CONSTRAINT `student_ibfk_1` FOREIGN KEY (`admin_id`) REFERENCES `admin` (`admin_id`))
ERROR - 2022-05-18 22:36:23 --> Cannot add or update a child row: a foreign key constraint fails (`classroom`.`student`, CONSTRAINT `student_ibfk_1` FOREIGN KEY (`admin_id`) REFERENCES `admin` (`admin_id`))
ERROR - 2022-05-18 22:36:23 --> Cannot add or update a child row: a foreign key constraint fails (`classroom`.`student`, CONSTRAINT `student_ibfk_1` FOREIGN KEY (`admin_id`) REFERENCES `admin` (`admin_id`))
ERROR - 2022-05-18 22:37:42 --> Cannot add or update a child row: a foreign key constraint fails (`classroom`.`student`, CONSTRAINT `student_ibfk_1` FOREIGN KEY (`admin_id`) REFERENCES `admin` (`admin_id`))
ERROR - 2022-05-18 22:37:42 --> Cannot add or update a child row: a foreign key constraint fails (`classroom`.`student`, CONSTRAINT `student_ibfk_1` FOREIGN KEY (`admin_id`) REFERENCES `admin` (`admin_id`))
ERROR - 2022-05-18 22:37:42 --> Cannot add or update a child row: a foreign key constraint fails (`classroom`.`student`, CONSTRAINT `student_ibfk_1` FOREIGN KEY (`admin_id`) REFERENCES `admin` (`admin_id`))
ERROR - 2022-05-18 22:39:32 --> Cannot add or update a child row: a foreign key constraint fails (`classroom`.`student`, CONSTRAINT `student_ibfk_1` FOREIGN KEY (`admin_id`) REFERENCES `admin` (`admin_id`))
ERROR - 2022-05-18 22:39:32 --> Cannot add or update a child row: a foreign key constraint fails (`classroom`.`student`, CONSTRAINT `student_ibfk_1` FOREIGN KEY (`admin_id`) REFERENCES `admin` (`admin_id`))
ERROR - 2022-05-18 22:39:32 --> Cannot add or update a child row: a foreign key constraint fails (`classroom`.`student`, CONSTRAINT `student_ibfk_1` FOREIGN KEY (`admin_id`) REFERENCES `admin` (`admin_id`))
ERROR - 2022-05-18 22:39:42 --> Cannot add or update a child row: a foreign key constraint fails (`classroom`.`student`, CONSTRAINT `student_ibfk_1` FOREIGN KEY (`admin_id`) REFERENCES `admin` (`admin_id`))
ERROR - 2022-05-18 22:39:42 --> Cannot add or update a child row: a foreign key constraint fails (`classroom`.`student`, CONSTRAINT `student_ibfk_1` FOREIGN KEY (`admin_id`) REFERENCES `admin` (`admin_id`))
ERROR - 2022-05-18 22:39:42 --> Cannot add or update a child row: a foreign key constraint fails (`classroom`.`student`, CONSTRAINT `student_ibfk_1` FOREIGN KEY (`admin_id`) REFERENCES `admin` (`admin_id`))
ERROR - 2022-05-18 22:53:34 --> Cannot add or update a child row: a foreign key constraint fails (`classroom`.`student`, CONSTRAINT `student_ibfk_1` FOREIGN KEY (`admin_id`) REFERENCES `admin` (`admin_id`))
ERROR - 2022-05-18 22:53:34 --> Cannot add or update a child row: a foreign key constraint fails (`classroom`.`student`, CONSTRAINT `student_ibfk_1` FOREIGN KEY (`admin_id`) REFERENCES `admin` (`admin_id`))
ERROR - 2022-05-18 22:53:34 --> Cannot add or update a child row: a foreign key constraint fails (`classroom`.`student`, CONSTRAINT `student_ibfk_1` FOREIGN KEY (`admin_id`) REFERENCES `admin` (`admin_id`))
ERROR - 2022-05-18 22:57:00 --> Cannot add or update a child row: a foreign key constraint fails (`classroom`.`student`, CONSTRAINT `student_ibfk_1` FOREIGN KEY (`admin_id`) REFERENCES `admin` (`admin_id`))
ERROR - 2022-05-18 22:57:00 --> Cannot add or update a child row: a foreign key constraint fails (`classroom`.`student`, CONSTRAINT `student_ibfk_1` FOREIGN KEY (`admin_id`) REFERENCES `admin` (`admin_id`))
ERROR - 2022-05-18 22:57:00 --> Cannot add or update a child row: a foreign key constraint fails (`classroom`.`student`, CONSTRAINT `student_ibfk_1` FOREIGN KEY (`admin_id`) REFERENCES `admin` (`admin_id`))
ERROR - 2022-05-18 23:08:15 --> Cannot add or update a child row: a foreign key constraint fails (`classroom`.`student`, CONSTRAINT `student_ibfk_1` FOREIGN KEY (`admin_id`) REFERENCES `admin` (`admin_id`))
ERROR - 2022-05-18 23:08:15 --> Cannot add or update a child row: a foreign key constraint fails (`classroom`.`student`, CONSTRAINT `student_ibfk_1` FOREIGN KEY (`admin_id`) REFERENCES `admin` (`admin_id`))
ERROR - 2022-05-18 23:08:15 --> Cannot add or update a child row: a foreign key constraint fails (`classroom`.`student`, CONSTRAINT `student_ibfk_1` FOREIGN KEY (`admin_id`) REFERENCES `admin` (`admin_id`))
ERROR - 2022-05-18 23:22:17 --> Cannot add or update a child row: a foreign key constraint fails (`classroom`.`student`, CONSTRAINT `student_ibfk_1` FOREIGN KEY (`admin_id`) REFERENCES `admin` (`admin_id`))
ERROR - 2022-05-18 23:22:17 --> Cannot add or update a child row: a foreign key constraint fails (`classroom`.`student`, CONSTRAINT `student_ibfk_1` FOREIGN KEY (`admin_id`) REFERENCES `admin` (`admin_id`))
ERROR - 2022-05-18 23:22:17 --> Cannot add or update a child row: a foreign key constraint fails (`classroom`.`student`, CONSTRAINT `student_ibfk_1` FOREIGN KEY (`admin_id`) REFERENCES `admin` (`admin_id`))
ERROR - 2022-05-18 23:26:34 --> Cannot add or update a child row: a foreign key constraint fails (`classroom`.`student`, CONSTRAINT `student_ibfk_1` FOREIGN KEY (`admin_id`) REFERENCES `admin` (`admin_id`))
ERROR - 2022-05-18 23:26:34 --> Cannot add or update a child row: a foreign key constraint fails (`classroom`.`student`, CONSTRAINT `student_ibfk_1` FOREIGN KEY (`admin_id`) REFERENCES `admin` (`admin_id`))
ERROR - 2022-05-18 23:26:34 --> Cannot add or update a child row: a foreign key constraint fails (`classroom`.`student`, CONSTRAINT `student_ibfk_1` FOREIGN KEY (`admin_id`) REFERENCES `admin` (`admin_id`))
ERROR - 2022-05-18 23:26:59 --> Cannot add or update a child row: a foreign key constraint fails (`classroom`.`student`, CONSTRAINT `student_ibfk_1` FOREIGN KEY (`admin_id`) REFERENCES `admin` (`admin_id`))
ERROR - 2022-05-18 23:26:59 --> Cannot add or update a child row: a foreign key constraint fails (`classroom`.`student`, CONSTRAINT `student_ibfk_1` FOREIGN KEY (`admin_id`) REFERENCES `admin` (`admin_id`))
ERROR - 2022-05-18 23:26:59 --> Cannot add or update a child row: a foreign key constraint fails (`classroom`.`student`, CONSTRAINT `student_ibfk_1` FOREIGN KEY (`admin_id`) REFERENCES `admin` (`admin_id`))
ERROR - 2022-05-18 23:30:19 --> Cannot add or update a child row: a foreign key constraint fails (`classroom`.`student`, CONSTRAINT `student_ibfk_1` FOREIGN KEY (`admin_id`) REFERENCES `admin` (`admin_id`))
ERROR - 2022-05-18 23:30:19 --> Cannot add or update a child row: a foreign key constraint fails (`classroom`.`student`, CONSTRAINT `student_ibfk_1` FOREIGN KEY (`admin_id`) REFERENCES `admin` (`admin_id`))
ERROR - 2022-05-18 23:30:19 --> Cannot add or update a child row: a foreign key constraint fails (`classroom`.`student`, CONSTRAINT `student_ibfk_1` FOREIGN KEY (`admin_id`) REFERENCES `admin` (`admin_id`))
ERROR - 2022-05-18 23:59:31 --> Cannot add or update a child row: a foreign key constraint fails (`classroom`.`student`, CONSTRAINT `student_ibfk_1` FOREIGN KEY (`admin_id`) REFERENCES `admin` (`admin_id`))
ERROR - 2022-05-18 23:59:31 --> Cannot add or update a child row: a foreign key constraint fails (`classroom`.`student`, CONSTRAINT `student_ibfk_1` FOREIGN KEY (`admin_id`) REFERENCES `admin` (`admin_id`))
ERROR - 2022-05-18 23:59:31 --> Cannot add or update a child row: a foreign key constraint fails (`classroom`.`student`, CONSTRAINT `student_ibfk_1` FOREIGN KEY (`admin_id`) REFERENCES `admin` (`admin_id`))
